2025-06-21 12:09:50,891 - __main__ - INFO - Using CPU for training
2025-06-21 12:09:50,891 - __main__ - INFO - Loading and processing data...
2025-06-21 12:09:51,275 - data_loader - INFO - Loaded 796522 records from XAUUSD_processed_train.csv
2025-06-21 12:09:51,556 - data_loader - WARNING - Data gaps found: 587 gaps
2025-06-21 12:09:51,556 - data_loader - INFO - Data validation completed successfully
2025-06-21 12:09:51,557 - data_loader - INFO - Preprocessed data: 796522 records
2025-06-21 12:09:51,642 - data_loader - INFO - Loaded 170683 records from XAUUSD_processed_validation.csv
2025-06-21 12:09:51,699 - data_loader - WARNING - Data gaps found: 126 gaps
2025-06-21 12:09:51,699 - data_loader - INFO - Data validation completed successfully
2025-06-21 12:09:51,699 - data_loader - INFO - Preprocessed data: 170683 records
2025-06-21 12:09:51,789 - data_loader - INFO - Loaded 170684 records from XAUUSD_processed_test.csv
2025-06-21 12:09:51,851 - data_loader - WARNING - Data gaps found: 124 gaps
2025-06-21 12:09:51,851 - data_loader - INFO - Data validation completed successfully
2025-06-21 12:09:51,851 - data_loader - INFO - Preprocessed data: 170684 records
2025-06-21 12:09:51,859 - __main__ - INFO - Data loaded: Train=796522, Validation=170683
2025-06-21 12:09:51,859 - __main__ - INFO - Starting parallel feature computation with 32 workers for 796522 records...
2025-06-21 12:09:51,859 - src.features.feature_engineering - INFO - Starting parallel feature calculation with 32 workers...
2025-06-21 12:10:23,568 - src.features.feature_engineering - INFO - Parallel feature calculation complete.
2025-06-21 12:10:23,582 - __main__ - INFO - Parallel feature computation complete.
2025-06-21 12:10:23,582 - __main__ - INFO - Starting parallel feature computation with 32 workers for 170683 records...
2025-06-21 12:10:23,582 - src.features.feature_engineering - INFO - Starting parallel feature calculation with 32 workers...
2025-06-21 12:10:32,337 - src.features.feature_engineering - INFO - Parallel feature calculation complete.
2025-06-21 12:10:32,342 - __main__ - INFO - Parallel feature computation complete.
2025-06-21 12:10:32,346 - __main__ - INFO - Aligning original price data with feature sets...
2025-06-21 12:10:32,413 - __main__ - INFO - Data alignment successful.
2025-06-21 12:10:32,413 - __main__ - INFO - Creating 32 parallel environments...
